<?xml version="1.0" encoding="UTF-8"?>
<TestRun id="ceaff263-30cb-4308-9076-949fb230db9a" name="Chen@CHEN-PC 2017-07-27 11:48:34" runUser="Chen-PC\Chen" xmlns="http://microsoft.com/schemas/VisualStudio/TeamTest/2010">
  <TestSettings name="本地" id="ad387e9f-6f3d-4f88-9b41-251c8c7fd886">
    <Description>这些设置为本地测试运行的默认测试设置。</Description>
    <Deployment enabled="false" runDeploymentRoot="Chen_CHEN-PC 2017-07-27 11_48_34">
      <DeploymentItem filename="G:\visual studio 2010\Projects\HttpClient_1\packages\Microsoft.Bcl.1.1.10\lib\net40\System.IO.dll" />
      <DeploymentItem filename="G:\visual studio 2010\Projects\HttpClient_1\packages\Microsoft.Net.Http.2.2.29\lib\net40\System.Net.Http.Primitives.dll" />
      <DeploymentItem filename="G:\visual studio 2010\Projects\HttpClient_1\packages\Microsoft.Net.Http.2.2.29\lib\net40\System.Net.Http.Extensions.dll" />
      <DeploymentItem filename="G:\visual studio 2010\Projects\HttpClient_1\packages\Microsoft.Bcl.1.1.10\lib\net40\System.Threading.Tasks.dll" />
      <DeploymentItem filename="G:\visual studio 2010\Projects\HttpClient_1\HttpClient_1\bin\Debug\HttpClient_1.exe" />
      <DeploymentItem filename="G:\visual studio 2010\Projects\HttpClient_1\packages\Microsoft.Net.Http.2.2.29\lib\net40\System.Net.Http.dll" />
      <DeploymentItem filename="G:\visual studio 2010\Projects\HttpClient_1\packages\Microsoft.Net.Http.2.2.29\lib\net40\System.Net.Http.WebRequest.dll" />
      <DeploymentItem filename="G:\visual studio 2010\Projects\HttpClient_1\packages\Microsoft.Bcl.1.1.10\lib\net40\System.Runtime.dll" />
    </Deployment>
    <Execution>
      <TestTypeSpecific />
      <AgentRule name="Execution Agents">
      </AgentRule>
    </Execution>
  </TestSettings>
  <Times creation="2017-07-27T11:48:34.1958073+08:00" queuing="2017-07-27T11:48:34.2038078+08:00" start="2017-07-27T11:48:34.2148084+08:00" finish="2017-07-27T11:48:35.2138656+08:00" />
  <ResultSummary outcome="Failed">
    <Counters total="5" executed="5" error="0" failed="4" timeout="0" aborted="0" inconclusive="1" passedButRunAborted="0" notRunnable="0" notExecuted="0" disconnected="0" warning="0" passed="0" completed="0" inProgress="0" pending="0" />
  </ResultSummary>
  <TestDefinitions>
    <UnitTest name="LoginTest" storage="g:\visual studio 2010\projects\httpclient_1\testproject2\bin\debug\testproject2.dll" id="63925294-bcd6-6039-babb-ee866b17b172">
      <Execution id="48ac67bf-7d36-4a50-b9eb-83d6412be717" />
      <TestMethod codeBase="G:/visual studio 2010/Projects/HttpClient_1/TestProject2/bin/Debug/TestProject2.DLL" adapterTypeName="Microsoft.VisualStudio.TestTools.TestTypes.Unit.UnitTestAdapter, Microsoft.VisualStudio.QualityTools.Tips.UnitTest.Adapter, Version=10.0.0.0, Culture=neutral, PublicKeyToken=b03f5f7f11d50a3a" className="TestProject2.handleTest, TestProject2, Version=1.0.0.0, Culture=neutral, PublicKeyToken=null" name="LoginTest" />
    </UnitTest>
    <UnitTest name="GetWarningTotalDetailTest" storage="g:\visual studio 2010\projects\httpclient_1\testproject2\bin\debug\testproject2.dll" id="c9c136c5-93d6-b02d-37d2-87c2a061fbb4">
      <Execution id="6646bbc4-e2e2-4946-83f8-ca89746b335d" />
      <TestMethod codeBase="G:/visual studio 2010/Projects/HttpClient_1/TestProject2/bin/Debug/TestProject2.DLL" adapterTypeName="Microsoft.VisualStudio.TestTools.TestTypes.Unit.UnitTestAdapter, Microsoft.VisualStudio.QualityTools.Tips.UnitTest.Adapter, Version=10.0.0.0, Culture=neutral, PublicKeyToken=b03f5f7f11d50a3a" className="TestProject2.handleTest, TestProject2, Version=1.0.0.0, Culture=neutral, PublicKeyToken=null" name="GetWarningTotalDetailTest" />
    </UnitTest>
    <UnitTest name="GetCurrentWarningsTest" storage="g:\visual studio 2010\projects\httpclient_1\testproject2\bin\debug\testproject2.dll" id="2654ccdb-363a-3d19-9c54-f518ff1f16a3">
      <Execution id="3f2ac7ec-b764-4ae5-adb2-c175e1f36c09" />
      <TestMethod codeBase="G:/visual studio 2010/Projects/HttpClient_1/TestProject2/bin/Debug/TestProject2.DLL" adapterTypeName="Microsoft.VisualStudio.TestTools.TestTypes.Unit.UnitTestAdapter, Microsoft.VisualStudio.QualityTools.Tips.UnitTest.Adapter, Version=10.0.0.0, Culture=neutral, PublicKeyToken=b03f5f7f11d50a3a" className="TestProject2.handleTest, TestProject2, Version=1.0.0.0, Culture=neutral, PublicKeyToken=null" name="GetCurrentWarningsTest" />
    </UnitTest>
    <UnitTest name="GetElectricTest" storage="g:\visual studio 2010\projects\httpclient_1\testproject2\bin\debug\testproject2.dll" id="79c69169-b6d2-d128-6c0c-135f07f9810d">
      <Execution id="03e323bf-e207-43d7-a273-01713c964949" />
      <TestMethod codeBase="G:/visual studio 2010/Projects/HttpClient_1/TestProject2/bin/Debug/TestProject2.DLL" adapterTypeName="Microsoft.VisualStudio.TestTools.TestTypes.Unit.UnitTestAdapter, Microsoft.VisualStudio.QualityTools.Tips.UnitTest.Adapter, Version=10.0.0.0, Culture=neutral, PublicKeyToken=b03f5f7f11d50a3a" className="TestProject2.handleTest, TestProject2, Version=1.0.0.0, Culture=neutral, PublicKeyToken=null" name="GetElectricTest" />
    </UnitTest>
    <UnitTest name="InitTest" storage="g:\visual studio 2010\projects\httpclient_1\testproject2\bin\debug\testproject2.dll" id="f6cbb4ad-3888-3ce1-dfa5-844b821e0be9">
      <Execution id="08dab9d9-7c28-4f1e-b680-d88dd3959289" />
      <TestMethod codeBase="G:/visual studio 2010/Projects/HttpClient_1/TestProject2/bin/Debug/TestProject2.DLL" adapterTypeName="Microsoft.VisualStudio.TestTools.TestTypes.Unit.UnitTestAdapter, Microsoft.VisualStudio.QualityTools.Tips.UnitTest.Adapter, Version=10.0.0.0, Culture=neutral, PublicKeyToken=b03f5f7f11d50a3a" className="TestProject2.handleTest, TestProject2, Version=1.0.0.0, Culture=neutral, PublicKeyToken=null" name="InitTest" />
    </UnitTest>
  </TestDefinitions>
  <TestLists>
    <TestList name="列表中未列出的结果" id="8c84fa94-04c1-424b-9868-57a2d4851a1d" />
    <TestList name="所有已加载的结果" id="19431567-8539-422a-85d7-44ee4e166bda" />
  </TestLists>
  <TestEntries>
    <TestEntry testId="2654ccdb-363a-3d19-9c54-f518ff1f16a3" executionId="3f2ac7ec-b764-4ae5-adb2-c175e1f36c09" testListId="8c84fa94-04c1-424b-9868-57a2d4851a1d" />
    <TestEntry testId="63925294-bcd6-6039-babb-ee866b17b172" executionId="48ac67bf-7d36-4a50-b9eb-83d6412be717" testListId="8c84fa94-04c1-424b-9868-57a2d4851a1d" />
    <TestEntry testId="79c69169-b6d2-d128-6c0c-135f07f9810d" executionId="03e323bf-e207-43d7-a273-01713c964949" testListId="8c84fa94-04c1-424b-9868-57a2d4851a1d" />
    <TestEntry testId="c9c136c5-93d6-b02d-37d2-87c2a061fbb4" executionId="6646bbc4-e2e2-4946-83f8-ca89746b335d" testListId="8c84fa94-04c1-424b-9868-57a2d4851a1d" />
    <TestEntry testId="f6cbb4ad-3888-3ce1-dfa5-844b821e0be9" executionId="08dab9d9-7c28-4f1e-b680-d88dd3959289" testListId="8c84fa94-04c1-424b-9868-57a2d4851a1d" />
  </TestEntries>
  <Results>
    <UnitTestResult executionId="3f2ac7ec-b764-4ae5-adb2-c175e1f36c09" testId="2654ccdb-363a-3d19-9c54-f518ff1f16a3" testName="GetCurrentWarningsTest" computerName="CHEN-PC" duration="00:00:00.0607764" startTime="2017-07-27T11:48:34.2178086+08:00" endTime="2017-07-27T11:48:34.5738290+08:00" testType="13cdc9d9-ddb5-4fa4-a97d-d965ccfc6d4b" outcome="Failed" testListId="8c84fa94-04c1-424b-9868-57a2d4851a1d" relativeResultsDirectory="3f2ac7ec-b764-4ae5-adb2-c175e1f36c09">
      <Output>
        <ErrorInfo>
          <Message>Assert.AreEqual 失败。应为: &lt;&gt;，实际为: &lt;System.NullReferenceException: 未将对象引用设置到对象的实例。
   在 HttpClient_1.handle.GetCurrentWarnings() 位置 G:\visual studio 2010\Projects\HttpClient_1\HttpClient_1\handle.cs:行号 77&gt;。</Message>
          <StackTrace>   在 TestProject2.handleTest.GetCurrentWarningsTest() 位置 G:\visual studio 2010\Projects\HttpClient_1\TestProject2\handleTest.cs:行号 136
</StackTrace>
        </ErrorInfo>
      </Output>
    </UnitTestResult>
    <UnitTestResult executionId="48ac67bf-7d36-4a50-b9eb-83d6412be717" testId="63925294-bcd6-6039-babb-ee866b17b172" testName="LoginTest" computerName="CHEN-PC" duration="00:00:00.1399687" startTime="2017-07-27T11:48:34.5768291+08:00" endTime="2017-07-27T11:48:34.7228375+08:00" testType="13cdc9d9-ddb5-4fa4-a97d-d965ccfc6d4b" outcome="Failed" testListId="8c84fa94-04c1-424b-9868-57a2d4851a1d" relativeResultsDirectory="48ac67bf-7d36-4a50-b9eb-83d6412be717">
      <Output>
        <ErrorInfo>
          <Message>Assert.AreEqual 失败。应为: &lt;&gt;，实际为: &lt;{"success":false}&gt;。</Message>
          <StackTrace>   在 TestProject2.handleTest.LoginTest() 位置 G:\visual studio 2010\Projects\HttpClient_1\TestProject2\handleTest.cs:行号 94
</StackTrace>
        </ErrorInfo>
      </Output>
    </UnitTestResult>
    <UnitTestResult executionId="03e323bf-e207-43d7-a273-01713c964949" testId="79c69169-b6d2-d128-6c0c-135f07f9810d" testName="GetElectricTest" computerName="CHEN-PC" duration="00:00:00.0562840" startTime="2017-07-27T11:48:34.7258377+08:00" endTime="2017-07-27T11:48:34.7898413+08:00" testType="13cdc9d9-ddb5-4fa4-a97d-d965ccfc6d4b" outcome="Failed" testListId="8c84fa94-04c1-424b-9868-57a2d4851a1d" relativeResultsDirectory="03e323bf-e207-43d7-a273-01713c964949">
      <Output>
        <ErrorInfo>
          <Message>Assert.AreEqual 失败。应为: &lt;&gt;，实际为: &lt;{"d":[],"e":{"t":"无","h":"无","s":"无","d":"无"}}&gt;。</Message>
          <StackTrace>   在 TestProject2.handleTest.GetElectricTest() 位置 G:\visual studio 2010\Projects\HttpClient_1\TestProject2\handleTest.cs:行号 122
</StackTrace>
        </ErrorInfo>
      </Output>
    </UnitTestResult>
    <UnitTestResult executionId="6646bbc4-e2e2-4946-83f8-ca89746b335d" testId="c9c136c5-93d6-b02d-37d2-87c2a061fbb4" testName="GetWarningTotalDetailTest" computerName="CHEN-PC" duration="00:00:00.3804953" startTime="2017-07-27T11:48:34.7918414+08:00" endTime="2017-07-27T11:48:35.1778635+08:00" testType="13cdc9d9-ddb5-4fa4-a97d-d965ccfc6d4b" outcome="Failed" testListId="8c84fa94-04c1-424b-9868-57a2d4851a1d" relativeResultsDirectory="6646bbc4-e2e2-4946-83f8-ca89746b335d">
      <Output>
        <ErrorInfo>
          <Message>Assert.AreEqual 失败。应为: &lt;&gt;，实际为: &lt;

    
&lt;!DOCTYPE html PUBLIC "-//W3C//DTD HTML 4.01 Transitional//EN" "http://www.w3.org/TR/html4/loose.dtd"&gt;
&lt;html&gt;
&lt;head&gt;
&lt;meta http-equiv="Content-Type" content="text/html; charset=ISO-8859-1"&gt;
&lt;title&gt;智能雷电预警系统&lt;/title&gt;
&lt;script src="/thunder1/content/scripts/jquery-easyui/jquery-1.7.2.min.js"&gt;&lt;/script&gt;
    &lt;script src="/thunder1/content/scripts/jquery-easyui/jquery.easyui.min.js"&gt;&lt;/script&gt;
    &lt;link href="/thunder1/content/scripts/jquery-easyui/themes/icon.css" rel="stylesheet" /&gt;
    &lt;link href="/thunder1/content/scripts/jquery-easyui/themes/default/easyui.css" rel="stylesheet" /&gt;
    &lt;link href="/thunder1/content/scripts/jquery-easyui/themes/default/green1.css" rel="stylesheet" /&gt;
    &lt;link href="/thunder1/content/scripts/jquery-easyui/themes/default/accordion.css" rel="stylesheet" /&gt;
    &lt;script src="/thunder1/content/scripts/jquery-easyui/locale/easyui-lang-zh_CN.js"&gt;&lt;/script&gt;
    &lt;link href="/thunder1/content/styles/Site.css" rel="stylesheet" /&gt;
    &lt;script src="/thunder1/content/scripts/common/setting.js" &gt;&lt;/script&gt;    
    
    
    &lt;link href="/thunder1/content/styles/Site.css" rel="stylesheet" /&gt;
    

    &lt;style type="text/css"&gt;
        a
        {
            text-decoration: none;
            color:gray;
        }
        a:visited{
        	color:gray;
        }
        html,body{
        	background:url(../content/images/loginbg.png) repeat-x;
        	background-color:#011b3e;
        	text-align: center;
        	width:100%;
        	height:100%;
        	overflow: hidden;
        }
    &lt;/style&gt;
    &lt;script type="text/javascript"&gt;
    	$(function(){
    		$("#account").focus();
    	})
    	
    	function login(account, passwd){
    		$("#account").val(account);
    		$("#pwd").val(passwd);
    		$("#frm").submit();
    	}
    &lt;/script&gt;
&lt;/head&gt;
&lt;body onselectstart ='return false' onselect='document.selection.empty()' &gt;
	&lt;form id="frm" name="frm" action="/thunder1/web/logina.html" method="post"&gt;
	&lt;div style="margin:0 auto;background:url(../content/images/loginformbg.jpg);width:866px; height:602px;text-align:left"&gt;
		&lt;div &gt;
			&lt;input type="text" name="entity.loginAccount" value="" id="account" class="inputbox" style="color:black;margin-top:295px;height:30px; font-size:14px; margin-left:90px;width:170px;background:transparent;border:0px"/&gt;
		&lt;/div&gt;&lt;div&gt;
		&lt;input type="password" name="entity.loginPasswd" id="pwd" class="inputbox" style="color:black;margin-left:90px;height:30px;margin-top:20px;width:170px;background:transparent;border:0px"/&gt;
		&lt;/div&gt;
		&lt;div style="color:gray;margin-left:40px; margin-top:20px"&gt;
			&lt;input type="checkbox" name="saveLoginInfo" value="true" id="frm_saveLoginInfo"/&gt;&lt;input type="hidden" id="__checkbox_frm_saveLoginInfo" name="__checkbox_saveLoginInfo" value="true" /&gt;记住账号
			&amp;nbsp;&amp;nbsp;
			&lt;a href="/thunder1/web/reg.html"&gt;注册&lt;/a&gt; 
			&amp;nbsp;&amp;nbsp;
			&lt;a href="/thunder1/web/getpwd.html"&gt;找回密码&lt;/a&gt; 
		&lt;/div&gt;
		&lt;a href="#" class="loginbutton" onclick="$('#frm').submit();"&gt;&lt;/a&gt;
		&lt;input type="submit" style="position:fixed; left:-10000px;top:-10000px;width:100px;" value="提交" &gt;
		
		
		&lt;input type="hidden" name="fromClient" value="" id="frm_fromClient"/&gt;
	&lt;/div&gt;
	&lt;/form&gt;




&lt;/body&gt;
&lt;/html&gt;&gt;。</Message>
          <StackTrace>   在 TestProject2.handleTest.GetWarningTotalDetailTest() 位置 G:\visual studio 2010\Projects\HttpClient_1\TestProject2\handleTest.cs:行号 108
</StackTrace>
        </ErrorInfo>
      </Output>
    </UnitTestResult>
    <UnitTestResult executionId="08dab9d9-7c28-4f1e-b680-d88dd3959289" testId="f6cbb4ad-3888-3ce1-dfa5-844b821e0be9" testName="InitTest" computerName="CHEN-PC" duration="00:00:00.0010566" startTime="2017-07-27T11:48:35.1798636+08:00" endTime="2017-07-27T11:48:35.1858640+08:00" testType="13cdc9d9-ddb5-4fa4-a97d-d965ccfc6d4b" outcome="Inconclusive" testListId="8c84fa94-04c1-424b-9868-57a2d4851a1d" relativeResultsDirectory="08dab9d9-7c28-4f1e-b680-d88dd3959289">
      <Output>
        <ErrorInfo>
          <Message>Assert.Inconclusive 失败。无法验证不返回值的方法。</Message>
          <StackTrace>   在 TestProject2.handleTest.InitTest() 位置 G:\visual studio 2010\Projects\HttpClient_1\TestProject2\handleTest.cs:行号 80
</StackTrace>
        </ErrorInfo>
      </Output>
    </UnitTestResult>
  </Results>
</TestRun>